<?xml version="1.0" encoding="UTF-8"?>
<!-- Generated by org.testng.reporters.JUnitReportReporter -->
<testsuite hostname="DESKTOP-P8K6E78" failures="0" tests="1" name="com.ccm.qa.testcases.CheckoutPageTest" time="15.641" errors="0" timestamp="2022-10-06T10:03:04 IST" skipped="0">
  <testcase classname="com.ccm.qa.testcases.CheckoutPageTest" name="executeCheckoutPage" time="15.641"/>
  <system-out/>
</testsuite> <!-- com.ccm.qa.testcases.CheckoutPageTest -->
