<?xml version="1.0" encoding="UTF-8"?>
<!-- Generated by org.testng.reporters.JUnitReportReporter -->
<testsuite hostname="DESKTOP-P8K6E78" failures="0" tests="1" name="com.ccm.qa.testcases.MyFcatoryLoginPageTest" time="3.352" errors="0" timestamp="2022-09-30T15:56:09 IST" skipped="0">
  <testcase classname="com.ccm.qa.testcases.MyFcatoryLoginPageTest" name="exceuteLoginPage" time="3.352"/>
  <system-out/>
</testsuite> <!-- com.ccm.qa.testcases.MyFcatoryLoginPageTest -->
