<?xml version="1.0" encoding="UTF-8"?>
<!-- Generated by org.testng.reporters.JUnitReportReporter -->
<testsuite hostname="DESKTOP-P8K6E78" failures="0" tests="1" name="com.ccm.qa.testcases.InvoiceVerificationPageTest" time="10.215" errors="0" timestamp="2022-10-03T14:06:49 IST" skipped="0">
  <testcase classname="com.ccm.qa.testcases.InvoiceVerificationPageTest" name="executeInvoiceVerificationPage" time="10.215"/>
  <system-out/>
</testsuite> <!-- com.ccm.qa.testcases.InvoiceVerificationPageTest -->
