<?xml version="1.0" encoding="UTF-8"?>
<!-- Generated by org.testng.reporters.JUnitReportReporter -->
<testsuite hostname="DESKTOP-P8K6E78" failures="0" tests="1" name="com.ccm.qa.testcases.ProfileUpdatingPageTest" time="15.205" errors="0" timestamp="2022-10-04T11:10:09 IST" skipped="0">
  <testcase classname="com.ccm.qa.testcases.ProfileUpdatingPageTest" name="executeProfileUpdatingPage" time="15.205"/>
  <system-out/>
</testsuite> <!-- com.ccm.qa.testcases.ProfileUpdatingPageTest -->
