<?xml version="1.0" encoding="UTF-8"?>
<!-- Generated by org.testng.reporters.JUnitReportReporter -->
<testsuite hostname="DESKTOP-P8K6E78" failures="0" tests="1" name="com.ccm.qa.testcases.LoginPageTest" time="5.460" errors="0" timestamp="2022-09-29T17:08:59 IST" skipped="0">
  <testcase classname="com.ccm.qa.testcases.LoginPageTest" name="executeloginpage" time="5.460"/>
  <system-out/>
</testsuite> <!-- com.ccm.qa.testcases.LoginPageTest -->
