<?xml version="1.0" encoding="UTF-8"?>
<!-- Generated by org.testng.reporters.JUnitReportReporter -->
<testsuite hostname="DESKTOP-P8K6E78" failures="0" tests="2" name="com.ccm.qa.testcases.ManagementCustomerPageTest" time="19.996" errors="0" timestamp="2022-10-07T09:52:13 IST" skipped="0">
  <testcase classname="com.ccm.qa.testcases.ManagementCustomerPageTest" name="executeManagementLoginPage" time="3.680"/>
  <system-out/>
  <testcase classname="com.ccm.qa.testcases.ManagementCustomerPageTest" name="executeManagementCustomerModule" time="16.316"/>
  <system-out/>
</testsuite> <!-- com.ccm.qa.testcases.ManagementCustomerPageTest -->
