<?xml version="1.0" encoding="UTF-8"?>
<!-- Generated by org.testng.reporters.JUnitReportReporter -->
<testsuite hostname="DESKTOP-P8K6E78" failures="0" tests="1" name="com.ccm.qa.testcases.FinanceInvoiceVerificationPageTest" time="10.099" errors="0" timestamp="2022-10-06T10:31:44 IST" skipped="0">
  <testcase classname="com.ccm.qa.testcases.FinanceInvoiceVerificationPageTest" name="executeInvoiceVerificationPage" time="10.099"/>
  <system-out/>
</testsuite> <!-- com.ccm.qa.testcases.FinanceInvoiceVerificationPageTest -->
