<?xml version="1.0" encoding="UTF-8"?>
<!-- Generated by org.testng.reporters.JUnitReportReporter -->
<testsuite hostname="DESKTOP-P8K6E78" failures="0" tests="3" name="com.ccm.qa.testcases.MyfactoryUpdateProfilePageTest" time="17.841" errors="0" timestamp="2022-10-07T09:56:21 IST" skipped="0">
  <testcase classname="com.ccm.qa.testcases.MyfactoryUpdateProfilePageTest" name="exceuteLoginPage" time="4.053"/>
  <system-out/>
  <testcase classname="com.ccm.qa.testcases.MyfactoryUpdateProfilePageTest" name="executeMyfactoryUpdateprofilePage" time="7.583"/>
  <system-out/>
  <testcase classname="com.ccm.qa.testcases.MyfactoryUpdateProfilePageTest" name="executeMufactoryUploadDocumentsPage" time="6.205"/>
  <system-out/>
</testsuite> <!-- com.ccm.qa.testcases.MyfactoryUpdateProfilePageTest -->
